<?xml version="1.0" encoding="utf-8"?><testsuites><testsuite errors="0" failures="0" hostname="BA92-C02T6E6SGTFL" name="pytest" skipped="0" tests="3" time="29.409" timestamp="2020-05-27T14:55:19.045133"><testcase classname="test_HomePage.TestHomePage" file="test_HomePage.py" line="11" name="test_formSubmission[getData0]" time="7.742"></testcase><testcase classname="test_HomePage.TestHomePage" file="test_HomePage.py" line="11" name="test_formSubmission[getData1]" time="4.091"></testcase><testcase classname="test_end2end.TestOne" file="test_end2end.py" line="13" name="test_e2e" time="17.530"></testcase></testsuite></testsuites>